<?xml version="1.0" encoding="UTF-8"?>
<!-- Generated by org.testng.reporters.JUnitXMLReporter -->
<testsuite ignored="0" hostname="OPCLP012" failures="0" tests="4" name="Test" time="0.046" errors="0" timestamp="2021-05-22T23:36:57 IST">
  <testcase classname="Shakedeal.MavenAutomation.MobileTest" name="Android" time="0.006"/>
  <testcase classname="Shakedeal.MavenAutomation.MobileTest" name="IOS" time="0.001"/>
  <testcase classname="Shakedeal.MavenAutomation.BugtoolTest" name="Bugzilla" time="0.002"/>
  <testcase classname="Shakedeal.MavenAutomation.BugtoolTest" name="JIRA" time="0.001"/>
</testsuite> <!-- Test -->
