<?xml version="1.0" encoding="UTF-8"?>
<!-- Generated by org.testng.reporters.JUnitXMLReporter -->
<testsuite ignored="0" hostname="OPCLP012" failures="0" tests="6" name="Command line test" time="0.04" errors="0" timestamp="2021-05-22T23:49:15 IST">
  <testcase classname="Shakedeal.MavenAutomation.BrowserTest" name="chrome" time="0.004"/>
  <testcase classname="Shakedeal.MavenAutomation.BrowserTest" name="firefox" time="0.0"/>
  <testcase classname="Shakedeal.MavenAutomation.BugtoolTest" name="Bugzilla" time="0.0"/>
  <testcase classname="Shakedeal.MavenAutomation.BugtoolTest" name="JIRA" time="0.0"/>
  <testcase classname="Shakedeal.MavenAutomation.MobileTest" name="Android" time="0.0"/>
  <testcase classname="Shakedeal.MavenAutomation.MobileTest" name="IOS" time="0.0"/>
</testsuite> <!-- Command line test -->
