<?xml version="1.0" encoding="UTF-8"?>
<!-- Generated by org.testng.reporters.JUnitXMLReporter -->
<testsuite ignored="0" hostname="OPCLP012" failures="0" tests="6" name="Regression" time="0.031" errors="0" timestamp="2021-05-22T23:50:27 IST">
  <testcase classname="Shakedeal.MavenAutomation.BrowserTest" name="chrome" time="0.003"/>
  <testcase classname="Shakedeal.MavenAutomation.BrowserTest" name="firefox" time="0.0"/>
  <testcase classname="Shakedeal.MavenAutomation.MobileTest" name="Android" time="0.0"/>
  <testcase classname="Shakedeal.MavenAutomation.MobileTest" name="IOS" time="0.0"/>
  <testcase classname="Shakedeal.MavenAutomation.BugtoolTest" name="Bugzilla" time="0.001"/>
  <testcase classname="Shakedeal.MavenAutomation.BugtoolTest" name="JIRA" time="0.0"/>
</testsuite> <!-- Regression -->
