<?xml version="1.0" encoding="UTF-8"?>
<testng-results ignored="0" total="6" passed="6" failed="0" skipped="0">
  <reporter-output>
  </reporter-output>
  <suite started-at="2021-05-22T23:52:17 IST" name="Suite" finished-at="2021-05-22T23:52:17 IST" duration-ms="32">
    <groups>
    </groups>
    <test started-at="2021-05-22T23:52:17 IST" name="Smoketest" finished-at="2021-05-22T23:52:17 IST" duration-ms="32">
      <class name="Shakedeal.MavenAutomation.MobileTest">
        <test-method signature="Android()[pri:0, instance:Shakedeal.MavenAutomation.MobileTest@45dd4eda]" started-at="2021-05-22T23:52:17 IST" name="Android" finished-at="2021-05-22T23:52:17 IST" duration-ms="0" status="PASS">
          <reporter-output>
          </reporter-output>
        </test-method> <!-- Android -->
        <test-method signature="IOS()[pri:0, instance:Shakedeal.MavenAutomation.MobileTest@45dd4eda]" started-at="2021-05-22T23:52:17 IST" name="IOS" finished-at="2021-05-22T23:52:17 IST" duration-ms="0" status="PASS">
          <reporter-output>
          </reporter-output>
        </test-method> <!-- IOS -->
      </class> <!-- Shakedeal.MavenAutomation.MobileTest -->
      <class name="Shakedeal.MavenAutomation.BrowserTest">
        <test-method signature="chrome()[pri:0, instance:Shakedeal.MavenAutomation.BrowserTest@6295d394]" started-at="2021-05-22T23:52:17 IST" name="chrome" finished-at="2021-05-22T23:52:17 IST" duration-ms="3" status="PASS">
          <reporter-output>
          </reporter-output>
        </test-method> <!-- chrome -->
        <test-method signature="firefox()[pri:0, instance:Shakedeal.MavenAutomation.BrowserTest@6295d394]" started-at="2021-05-22T23:52:17 IST" name="firefox" finished-at="2021-05-22T23:52:17 IST" duration-ms="0" status="PASS">
          <reporter-output>
          </reporter-output>
        </test-method> <!-- firefox -->
      </class> <!-- Shakedeal.MavenAutomation.BrowserTest -->
      <class name="Shakedeal.MavenAutomation.BugtoolTest">
        <test-method signature="Bugzilla()[pri:0, instance:Shakedeal.MavenAutomation.BugtoolTest@60611244]" started-at="2021-05-22T23:52:17 IST" name="Bugzilla" finished-at="2021-05-22T23:52:17 IST" duration-ms="0" status="PASS">
          <reporter-output>
          </reporter-output>
        </test-method> <!-- Bugzilla -->
        <test-method signature="JIRA()[pri:0, instance:Shakedeal.MavenAutomation.BugtoolTest@60611244]" started-at="2021-05-22T23:52:17 IST" name="JIRA" finished-at="2021-05-22T23:52:17 IST" duration-ms="0" status="PASS">
          <reporter-output>
          </reporter-output>
        </test-method> <!-- JIRA -->
      </class> <!-- Shakedeal.MavenAutomation.BugtoolTest -->
    </test> <!-- Smoketest -->
  </suite> <!-- Suite -->
</testng-results>
