<?xml version="1.0" encoding="UTF-8"?>
<testsuite xmlns:xsi="http://www.w3.org/2001/XMLSchema-instance" xsi:noNamespaceSchemaLocation="https://maven.apache.org/surefire/maven-surefire-plugin/xsd/surefire-test-report-3.0.xsd" version="3.0" name="TestSuite" time="0.38" tests="6" errors="0" skipped="0" failures="0">
  <properties>
[...]
</properties>
  <testcase name="chrome" classname="Shakedeal.MavenAutomation.BrowserTest" time="0.003">
    <system-out><![CDATA[chrome
]]></system-out>
  </testcase>
  <testcase name="firefox" classname="Shakedeal.MavenAutomation.BrowserTest" time="0">
    <system-out><![CDATA[firefox
]]></system-out>
  </testcase>
  <testcase name="Android" classname="Shakedeal.MavenAutomation.MobileTest" time="0">
    <system-out><![CDATA[Android
]]></system-out>
  </testcase>
  <testcase name="IOS" classname="Shakedeal.MavenAutomation.MobileTest" time="0.001">
    <system-out><![CDATA[IOS
]]></system-out>
  </testcase>
  <testcase name="Bugzilla" classname="Shakedeal.MavenAutomation.BugtoolTest" time="0">
    <system-out><![CDATA[Bugzilla
]]></system-out>
  </testcase>
  <testcase name="JIRA" classname="Shakedeal.MavenAutomation.BugtoolTest" time="0">
    <system-out><![CDATA[JIRA
]]></system-out>
  </testcase>
</testsuite>