<?xml version="1.0" encoding="UTF-8"?>
<testng-results ignored="0" total="4" passed="4" failed="0" skipped="0">
  <reporter-output>
  </reporter-output>
  <suite started-at="2021-05-22T23:36:57 IST" name="Suite" finished-at="2021-05-22T23:36:57 IST" duration-ms="46">
    <groups>
    </groups>
    <test started-at="2021-05-22T23:36:57 IST" name="Test" finished-at="2021-05-22T23:36:57 IST" duration-ms="46">
      <class name="Shakedeal.MavenAutomation.MobileTest">
        <test-method signature="Android()[pri:0, instance:Shakedeal.MavenAutomation.MobileTest@272ed83b]" started-at="2021-05-22T23:36:57 IST" name="Android" finished-at="2021-05-22T23:36:57 IST" duration-ms="6" status="PASS">
          <reporter-output>
          </reporter-output>
        </test-method> <!-- Android -->
        <test-method signature="IOS()[pri:0, instance:Shakedeal.MavenAutomation.MobileTest@272ed83b]" started-at="2021-05-22T23:36:57 IST" name="IOS" finished-at="2021-05-22T23:36:57 IST" duration-ms="1" status="PASS">
          <reporter-output>
          </reporter-output>
        </test-method> <!-- IOS -->
      </class> <!-- Shakedeal.MavenAutomation.MobileTest -->
      <class name="Shakedeal.MavenAutomation.BugtoolTest">
        <test-method signature="Bugzilla()[pri:0, instance:Shakedeal.MavenAutomation.BugtoolTest@6a84a97d]" started-at="2021-05-22T23:36:57 IST" name="Bugzilla" finished-at="2021-05-22T23:36:57 IST" duration-ms="2" status="PASS">
          <reporter-output>
          </reporter-output>
        </test-method> <!-- Bugzilla -->
        <test-method signature="JIRA()[pri:0, instance:Shakedeal.MavenAutomation.BugtoolTest@6a84a97d]" started-at="2021-05-22T23:36:57 IST" name="JIRA" finished-at="2021-05-22T23:36:57 IST" duration-ms="1" status="PASS">
          <reporter-output>
          </reporter-output>
        </test-method> <!-- JIRA -->
      </class> <!-- Shakedeal.MavenAutomation.BugtoolTest -->
    </test> <!-- Test -->
  </suite> <!-- Suite -->
</testng-results>
